生成启动时间为 2021/1/30 23:59:17。
     1>项目“C:\Users\75198\OneDrive\LineToPlane\LineToPlane\LineToPlane.vcxproj”在节点 2 上(rebuild 个目标)。
     1>_PrepareForClean:
         正在删除文件“Debug\LineToPlane.lastbuildstate”。
       InitializeBuildStatus:
         正在对“Debug\LineToPlane.unsuccessfulbuild”执行 Touch 任务。
       ClCompile:
         C:\Program Files (x86)\Microsoft Visual Studio 10.0\VC\bin\CL.exe /c /ZI /nologo /W3 /WX- /Od /Oy- /D WIN32 /D _DEBUG /D _CONSOLE /D _UNICODE /D UNICODE /Gm /EHsc /RTC1 /MDd /GS /fp:precise /Zc:wchar_t /Zc:forScope /Fo"Debug\\" /Fd"Debug\vc100.pdb" /Gd /TP /analyze- /errorReport:prompt test.cpp
         test.cpp
     1>d:\gdal\include\cpl_string.h(225): warning C4251: “std::_String_val<_Elem,_Alloc>::_Alval”: class“std::allocator<_Ty>”需要有 dll 接口由 class“std::_String_val<_Elem,_Alloc>”的客户端使用
                 with
                 [
                     _Elem=char,
                     _Alloc=std::allocator<char>
                 ]
                 and
                 [
                     _Ty=char
                 ]
                 and
                 [
                     _Elem=char,
                     _Alloc=std::allocator<char>
                 ]
     1>d:\gdal\include\gdal_priv.h(436): warning C4251: “GDALColorTable::aoEntries”: class“std::vector<_Ty>”需要有 dll 接口由 class“GDALColorTable”的客户端使用
                 with
                 [
                     _Ty=GDALColorEntry
                 ]
     1>c:\users\75198\onedrive\linetoplane\linetoplane\test.cpp(108): warning C4800: “int”: 将值强制为布尔值“true”或“false”(性能警告)
     1>c:\users\75198\onedrive\linetoplane\linetoplane\test.cpp(113): error C2065: “pOGRDataSource”: 未声明的标识符
     1>c:\users\75198\onedrive\linetoplane\linetoplane\test.cpp(115): error C2065: “pOGRDataSource”: 未声明的标识符
     1>c:\users\75198\onedrive\linetoplane\linetoplane\test.cpp(115): error C2227: “->GetLayer”的左边必须指向类/结构/联合/泛型类型
                 类型是“'unknown-type'”
     1>c:\users\75198\onedrive\linetoplane\linetoplane\test.cpp(126): warning C4018: “<”: 有符号/无符号不匹配
     1>c:\users\75198\onedrive\linetoplane\linetoplane\test.cpp(169): warning C4482: 使用了非标准扩展: 限定名中使用了枚举“OGRwkbGeometryType”
     1>c:\users\75198\onedrive\linetoplane\linetoplane\test.cpp(169): warning C4482: 使用了非标准扩展: 限定名中使用了枚举“OGRwkbGeometryType”
     1>c:\users\75198\onedrive\linetoplane\linetoplane\test.cpp(184): warning C4482: 使用了非标准扩展: 限定名中使用了枚举“OGRwkbGeometryType”
     1>c:\users\75198\onedrive\linetoplane\linetoplane\test.cpp(195): error C2065: “pOGRDataSource”: 未声明的标识符
     1>已完成生成项目“C:\Users\75198\OneDrive\LineToPlane\LineToPlane\LineToPlane.vcxproj”(rebuild 个目标)的操作 - 失败。

生成失败。

已用时间 00:00:00.85
