C:\USERS\75198\ONEDRIVE\LINETOPLANE\DEBUG\LINETOPLANE.EXE
C:\Users\75198\OneDrive\LineToPlane\Debug\LineToPlane.exp
C:\USERS\75198\ONEDRIVE\LINETOPLANE\DEBUG\LINETOPLANE.ILK
C:\Users\75198\OneDrive\LineToPlane\Debug\LineToPlane.lib
C:\USERS\75198\ONEDRIVE\LINETOPLANE\DEBUG\LINETOPLANE.PDB
C:\Users\75198\OneDrive\LineToPlane\LineToPlane\Debug\cl.command.1.tlog
C:\Users\75198\OneDrive\LineToPlane\LineToPlane\Debug\CL.read.1.tlog
C:\Users\75198\OneDrive\LineToPlane\LineToPlane\Debug\CL.write.1.tlog
C:\USERS\75198\ONEDRIVE\LINETOPLANE\LINETOPLANE\DEBUG\LINETOPLANE.EXE.EMBED.MANIFEST
C:\USERS\75198\ONEDRIVE\LINETOPLANE\LINETOPLANE\DEBUG\LINETOPLANE.EXE.EMBED.MANIFEST.RES
C:\USERS\75198\ONEDRIVE\LINETOPLANE\LINETOPLANE\DEBUG\LINETOPLANE.EXE.INTERMEDIATE.MANIFEST
C:\Users\75198\OneDrive\LineToPlane\LineToPlane\Debug\LineToPlane.write.1.tlog
C:\Users\75198\OneDrive\LineToPlane\LineToPlane\Debug\LineToPlane_manifest.rc
C:\Users\75198\OneDrive\LineToPlane\LineToPlane\Debug\link.29632.read.1.tlog
C:\Users\75198\OneDrive\LineToPlane\LineToPlane\Debug\link.29632.write.1.tlog
C:\Users\75198\OneDrive\LineToPlane\LineToPlane\Debug\link.29632-cvtres.read.1.tlog
C:\Users\75198\OneDrive\LineToPlane\LineToPlane\Debug\link.29632-cvtres.write.1.tlog
C:\Users\75198\OneDrive\LineToPlane\LineToPlane\Debug\link.41768.read.1.tlog
C:\Users\75198\OneDrive\LineToPlane\LineToPlane\Debug\link.41768.write.1.tlog
C:\Users\75198\OneDrive\LineToPlane\LineToPlane\Debug\link.41768-cvtres.read.1.tlog
C:\Users\75198\OneDrive\LineToPlane\LineToPlane\Debug\link.41768-cvtres.write.1.tlog
C:\Users\75198\OneDrive\LineToPlane\LineToPlane\Debug\link.command.1.tlog
C:\Users\75198\OneDrive\LineToPlane\LineToPlane\Debug\link.read.1.tlog
C:\Users\75198\OneDrive\LineToPlane\LineToPlane\Debug\link.write.1.tlog
C:\Users\75198\OneDrive\LineToPlane\LineToPlane\Debug\link-cvtres.read.1.tlog
C:\Users\75198\OneDrive\LineToPlane\LineToPlane\Debug\link-cvtres.write.1.tlog
C:\Users\75198\OneDrive\LineToPlane\LineToPlane\Debug\mt.command.1.tlog
C:\Users\75198\OneDrive\LineToPlane\LineToPlane\Debug\mt.read.1.tlog
C:\Users\75198\OneDrive\LineToPlane\LineToPlane\Debug\mt.write.1.tlog
C:\Users\75198\OneDrive\LineToPlane\LineToPlane\Debug\rc.command.1.tlog
C:\Users\75198\OneDrive\LineToPlane\LineToPlane\Debug\rc.read.1.tlog
C:\Users\75198\OneDrive\LineToPlane\LineToPlane\Debug\rc.write.1.tlog
C:\USERS\75198\ONEDRIVE\LINETOPLANE\LINETOPLANE\DEBUG\TEST.OBJ
C:\Users\75198\OneDrive\LineToPlane\LineToPlane\Debug\vc100.idb
C:\USERS\75198\ONEDRIVE\LINETOPLANE\LINETOPLANE\DEBUG\VC100.PDB
